{
  "stats": {
    "suites": 1,
    "tests": 2,
    "passes": 2,
    "pending": 0,
    "failures": 0,
    "start": "2022-05-10T17:47:32.234Z",
    "end": "2022-05-10T17:47:44.784Z",
    "duration": 12550,
    "testsRegistered": 2,
    "passPercent": 100,
    "pendingPercent": 0,
    "other": 0,
    "hasOther": false,
    "skipped": 0,
    "hasSkipped": false
  },
  "results": [
    {
      "uuid": "3b8aba70-00f0-4a77-9b8c-ede47fc579c8",
      "title": "",
      "fullFile": "cypress/integration/addMessage.js",
      "file": "cypress/integration/addMessage.js",
      "beforeHooks": [],
      "afterHooks": [],
      "tests": [],
      "suites": [
        {
          "uuid": "4220e6d5-c0c7-4716-8fb4-fa19c0c904d2",
          "title": "add message",
          "fullFile": "",
          "file": "",
          "beforeHooks": [],
          "afterHooks": [],
          "tests": [
            {
              "title": "login",
              "fullTitle": "add message login",
              "timedOut": null,
              "duration": 6148,
              "state": "passed",
              "speed": "medium",
              "pass": true,
              "fail": false,
              "pending": false,
              "context": null,
              "code": "cy.loginAdmin();",
              "err": {},
              "uuid": "bf046d4b-0a95-4ff6-87a2-bec9449425d6",
              "parentUUID": "4220e6d5-c0c7-4716-8fb4-fa19c0c904d2",
              "isHook": false,
              "skipped": false
            },
            {
              "title": "create message",
              "fullTitle": "add message create message",
              "timedOut": null,
              "duration": 6198,
              "state": "passed",
              "speed": "medium",
              "pass": true,
              "fail": false,
              "pending": false,
              "context": null,
              "code": "cy.createMessage(msgText);",
              "err": {},
              "uuid": "21980cf0-b829-45e7-9a91-5148f0a41ef0",
              "parentUUID": "4220e6d5-c0c7-4716-8fb4-fa19c0c904d2",
              "isHook": false,
              "skipped": false
            }
          ],
          "suites": [],
          "passes": [
            "bf046d4b-0a95-4ff6-87a2-bec9449425d6",
            "21980cf0-b829-45e7-9a91-5148f0a41ef0"
          ],
          "failures": [],
          "pending": [],
          "skipped": [],
          "duration": 12346,
          "root": false,
          "rootEmpty": false,
          "_timeout": 2000
        }
      ],
      "passes": [],
      "failures": [],
      "pending": [],
      "skipped": [],
      "duration": 0,
      "root": true,
      "rootEmpty": true,
      "_timeout": 2000
    }
  ],
  "meta": {
    "mocha": {
      "version": "7.0.1"
    },
    "mochawesome": {
      "options": {
        "quiet": false,
        "reportFilename": "mochawesome",
        "saveHtml": false,
        "saveJson": true,
        "consoleReporter": "spec",
        "useInlineDiffs": false,
        "code": true
      },
      "version": "7.1.3"
    },
    "marge": {
      "options": {
        "id": "default",
        "overwrite": false,
        "html": false,
        "json": true,
        "reportDir": "cypress\\reports\\html\\.jsons"
      },
      "version": "6.2.0"
    }
  }
}